# JRE version: Java(TM) SE Runtime Environment (8.0_102-b14) (build 1.8.0_102-b14)
# Java VM: Java HotSpot(TM) 64-Bit Server VM (25.102-b14 mixed mode windows-amd64 compressed oops)
Heap:
 PSYoungGen      total 92160K, used 69374K [0x00000000eab00000, 0x00000000f3080000, 0x0000000100000000)
  eden space 81408K, 79% used [0x00000000eab00000,0x00000000eea01080,0x00000000efa80000)
  from space 10752K, 45% used [0x00000000efa80000,0x00000000eff3ea48,0x00000000f0500000)
  to   space 10240K, 0% used [0x00000000f2680000,0x00000000f2680000,0x00000000f3080000)
 ParOldGen       total 51200K, used 17080K [0x00000000c0000000, 0x00000000c3200000, 0x00000000eab00000)
  object space 51200K, 33% used [0x00000000c0000000,0x00000000c10ae3c8,0x00000000c3200000)
 Metaspace       used 33886K, capacity 34592K, committed 34688K, reserved 1079296K
  class space    used 4530K, capacity 4731K, committed 4736K, reserved 1048576K
GC Heap History (10 events):
Event: 18.502 GC heap before
{Heap before GC invocations=10 (full 1):
 PSYoungGen      total 46592K, used 38176K [0x00000000eab00000, 0x00000000ee780000, 0x0000000100000000)
  eden space 36864K, 100% used [0x00000000eab00000,0x00000000ecf00000,0x00000000ecf00000)
  from space 9728K, 13% used [0x00000000ed880000,0x00000000ed9c8020,0x00000000ee200000)
  to   space 9728K, 0% used [0x00000000ecf00000,0x00000000ecf00000,0x00000000ed880000)
 ParOldGen       total 51200K, used 9544K [0x00000000c0000000, 0x00000000c3200000, 0x00000000eab00000)
  object space 51200K, 18% used [0x00000000c0000000,0x00000000c0952338,0x00000000c3200000)
 Metaspace       used 21108K, capacity 21508K, committed 21632K, reserved 1069056K
  class space    used 2767K, capacity 2920K, committed 2944K, reserved 1048576K
Event: 18.511 GC heap after
Heap after GC invocations=10 (full 1):
 PSYoungGen      total 46592K, used 1728K [0x00000000eab00000, 0x00000000ef400000, 0x0000000100000000)
  eden space 36864K, 0% used [0x00000000eab00000,0x00000000eab00000,0x00000000ecf00000)
  from space 9728K, 17% used [0x00000000ecf00000,0x00000000ed0b0020,0x00000000ed880000)
  to   space 9728K, 0% used [0x00000000eea80000,0x00000000eea80000,0x00000000ef400000)
 ParOldGen       total 51200K, used 9544K [0x00000000c0000000, 0x00000000c3200000, 0x00000000eab00000)
  object space 51200K, 18% used [0x00000000c0000000,0x00000000c0952338,0x00000000c3200000)
 Metaspace       used 21108K, capacity 21508K, committed 21632K, reserved 1069056K
  class space    used 2767K, capacity 2920K, committed 2944K, reserved 1048576K
}
Event: 18.729 GC heap before
{Heap before GC invocations=11 (full 1):
 PSYoungGen      total 46592K, used 38592K [0x00000000eab00000, 0x00000000ef400000, 0x0000000100000000)
  eden space 36864K, 100% used [0x00000000eab00000,0x00000000ecf00000,0x00000000ecf00000)
  from space 9728K, 17% used [0x00000000ecf00000,0x00000000ed0b0020,0x00000000ed880000)
  to   space 9728K, 0% used [0x00000000eea80000,0x00000000eea80000,0x00000000ef400000)
 ParOldGen       total 51200K, used 9544K [0x00000000c0000000, 0x00000000c3200000, 0x00000000eab00000)
  object space 51200K, 18% used [0x00000000c0000000,0x00000000c0952338,0x00000000c3200000)
 Metaspace       used 21110K, capacity 21508K, committed 21632K, reserved 1069056K
  class space    used 2767K, capacity 2920K, committed 2944K, reserved 1048576K
Event: 18.735 GC heap after
Heap after GC invocations=11 (full 1):
 PSYoungGen      total 65024K, used 1344K [0x00000000eab00000, 0x00000000ef380000, 0x0000000100000000)
  eden space 55808K, 0% used [0x00000000eab00000,0x00000000eab00000,0x00000000ee180000)
  from space 9216K, 14% used [0x00000000eea80000,0x00000000eebd0020,0x00000000ef380000)
  to   space 9216K, 0% used [0x00000000ee180000,0x00000000ee180000,0x00000000eea80000)
 ParOldGen       total 51200K, used 10272K [0x00000000c0000000, 0x00000000c3200000, 0x00000000eab00000)
  object space 51200K, 20% used [0x00000000c0000000,0x00000000c0a08358,0x00000000c3200000)
 Metaspace       used 21110K, capacity 21508K, committed 21632K, reserved 1069056K
  class space    used 2767K, capacity 2920K, committed 2944K, reserved 1048576K
}
Event: 19.616 GC heap before
{Heap before GC invocations=12 (full 1):
 PSYoungGen      total 65024K, used 57152K [0x00000000eab00000, 0x00000000ef380000, 0x0000000100000000)
  eden space 55808K, 100% used [0x00000000eab00000,0x00000000ee180000,0x00000000ee180000)
  from space 9216K, 14% used [0x00000000eea80000,0x00000000eebd0020,0x00000000ef380000)
  to   space 9216K, 0% used [0x00000000ee180000,0x00000000ee180000,0x00000000eea80000)
 ParOldGen       total 51200K, used 10272K [0x00000000c0000000, 0x00000000c3200000, 0x00000000eab00000)
  object space 51200K, 20% used [0x00000000c0000000,0x00000000c0a08358,0x00000000c3200000)
 Metaspace       used 21923K, capacity 22340K, committed 22528K, reserved 1069056K
  class space    used 2845K, capacity 2984K, committed 3072K, reserved 1048576K
Event: 19.624 GC heap after
Heap after GC invocations=12 (full 1):
 PSYoungGen      total 65024K, used 2378K [0x00000000eab00000, 0x00000000f0e00000, 0x0000000100000000)
  eden space 55808K, 0% used [0x00000000eab00000,0x00000000eab00000,0x00000000ee180000)
  from space 9216K, 25% used [0x00000000ee180000,0x00000000ee3d2858,0x00000000eea80000)
  to   space 9216K, 0% used [0x00000000f0500000,0x00000000f0500000,0x00000000f0e00000)
 ParOldGen       total 51200K, used 10840K [0x00000000c0000000, 0x00000000c3200000, 0x00000000eab00000)
  object space 51200K, 21% used [0x00000000c0000000,0x00000000c0a96368,0x00000000c3200000)
 Metaspace       used 21923K, capacity 22340K, committed 22528K, reserved 1069056K
  class space    used 2845K, capacity 2984K, committed 3072K, reserved 1048576K
}
Event: 24.514 GC heap before
{Heap before GC invocations=13 (full 1):
 PSYoungGen      total 65024K, used 58186K [0x00000000eab00000, 0x00000000f0e00000, 0x0000000100000000)
  eden space 55808K, 100% used [0x00000000eab00000,0x00000000ee180000,0x00000000ee180000)
  from space 9216K, 25% used [0x00000000ee180000,0x00000000ee3d2858,0x00000000eea80000)
  to   space 9216K, 0% used [0x00000000f0500000,0x00000000f0500000,0x00000000f0e00000)
 ParOldGen       total 51200K, used 10840K [0x00000000c0000000, 0x00000000c3200000, 0x00000000eab00000)
  object space 51200K, 21% used [0x00000000c0000000,0x00000000c0a96368,0x00000000c3200000)
 Metaspace       used 25824K, capacity 26444K, committed 26752K, reserved 1073152K
  class space    used 3464K, capacity 3615K, committed 3712K, reserved 1048576K
Event: 24.527 GC heap after
Heap after GC invocations=13 (full 1):
 PSYoungGen      total 90624K, used 8809K [0x00000000eab00000, 0x00000000f0f80000, 0x0000000100000000)
  eden space 81408K, 0% used [0x00000000eab00000,0x00000000eab00000,0x00000000efa80000)
  from space 9216K, 95% used [0x00000000f0500000,0x00000000f0d9a6a0,0x00000000f0e00000)
  to   space 10752K, 0% used [0x00000000efa80000,0x00000000efa80000,0x00000000f0500000)
 ParOldGen       total 51200K, used 11592K [0x00000000c0000000, 0x00000000c3200000, 0x00000000eab00000)
  object space 51200K, 22% used [0x00000000c0000000,0x00000000c0b52378,0x00000000c3200000)
 Metaspace       used 25824K, capacity 26444K, committed 26752K, reserved 1073152K
  class space    used 3464K, capacity 3615K, committed 3712K, reserved 1048576K
}
Event: 33.072 GC heap before
{Heap before GC invocations=14 (full 1):
 PSYoungGen      total 90624K, used 90217K [0x00000000eab00000, 0x00000000f0f80000, 0x0000000100000000)
  eden space 81408K, 100% used [0x00000000eab00000,0x00000000efa80000,0x00000000efa80000)
  from space 9216K, 95% used [0x00000000f0500000,0x00000000f0d9a6a0,0x00000000f0e00000)
  to   space 10752K, 0% used [0x00000000efa80000,0x00000000efa80000,0x00000000f0500000)
 ParOldGen       total 51200K, used 11592K [0x00000000c0000000, 0x00000000c3200000, 0x00000000eab00000)
  object space 51200K, 22% used [0x00000000c0000000,0x00000000c0b52378,0x00000000c3200000)
 Metaspace       used 30397K, capacity 30964K, committed 31104K, reserved 1077248K
  class space    used 4050K, capacity 4200K, committed 4224K, reserved 1048576K
Event: 33.089 GC heap after
Heap after GC invocations=14 (full 1):
 PSYoungGen      total 92160K, used 4858K [0x00000000eab00000, 0x00000000f3080000, 0x0000000100000000)
  eden space 81408K, 0% used [0x00000000eab00000,0x00000000eab00000,0x00000000efa80000)
  from space 10752K, 45% used [0x00000000efa80000,0x00000000eff3ea48,0x00000000f0500000)
  to   space 10240K, 0% used [0x00000000f2680000,0x00000000f2680000,0x00000000f3080000)
 ParOldGen       total 51200K, used 17080K [0x00000000c0000000, 0x00000000c3200000, 0x00000000eab00000)
  object space 51200K, 33% used [0x00000000c0000000,0x00000000c10ae3c8,0x00000000c3200000)
 Metaspace       used 30397K, capacity 30964K, committed 31104K, reserved 1077248K
  class space    used 4050K, capacity 4200K, committed 4224K, reserved 1048576K
}

