# JRE version: Java(TM) SE Runtime Environment (8.0_102-b14) (build 1.8.0_102-b14)
# Java VM: Java HotSpot(TM) 64-Bit Server VM (25.102-b14 mixed mode windows-amd64 compressed oops)
Heap:
 PSYoungGen      total 320000K, used 83511K [0x00000000eab00000, 0x00000000ffa80000, 0x0000000100000000)
  eden space 317952K, 26% used [0x00000000eab00000,0x00000000efc8ddf8,0x00000000fe180000)
  from space 2048K, 0% used [0x00000000fe180000,0x00000000fe180000,0x00000000fe380000)
  to   space 12800K, 0% used [0x00000000fee00000,0x00000000fee00000,0x00000000ffa80000)
 ParOldGen       total 105472K, used 39646K [0x00000000c0000000, 0x00000000c6700000, 0x00000000eab00000)
  object space 105472K, 37% used [0x00000000c0000000,0x00000000c26b79d0,0x00000000c6700000)
 Metaspace       used 69919K, capacity 73554K, committed 74112K, reserved 1114112K
  class space    used 9009K, capacity 9501K, committed 9856K, reserved 1048576K
GC Heap History (10 events):
Event: 14718.061 GC heap before
{Heap before GC invocations=57 (full 16):
 PSYoungGen      total 319488K, used 1344K [0x00000000eab00000, 0x00000000ffc80000, 0x0000000100000000)
  eden space 317952K, 0% used [0x00000000eab00000,0x00000000eab00000,0x00000000fe180000)
  from space 1536K, 87% used [0x00000000fe180000,0x00000000fe2d0020,0x00000000fe300000)
  to   space 13824K, 0% used [0x00000000fef00000,0x00000000fef00000,0x00000000ffc80000)
 ParOldGen       total 105472K, used 38938K [0x00000000c0000000, 0x00000000c6700000, 0x00000000eab00000)
  object space 105472K, 36% used [0x00000000c0000000,0x00000000c2606850,0x00000000c6700000)
 Metaspace       used 69361K, capacity 72686K, committed 73600K, reserved 1114112K
  class space    used 8919K, capacity 9378K, committed 9856K, reserved 1048576K
Event: 14718.291 GC heap after
Heap after GC invocations=57 (full 16):
 PSYoungGen      total 319488K, used 0K [0x00000000eab00000, 0x00000000ffc80000, 0x0000000100000000)
  eden space 317952K, 0% used [0x00000000eab00000,0x00000000eab00000,0x00000000fe180000)
  from space 1536K, 0% used [0x00000000fe180000,0x00000000fe180000,0x00000000fe300000)
  to   space 13824K, 0% used [0x00000000fef00000,0x00000000fef00000,0x00000000ffc80000)
 ParOldGen       total 105472K, used 38803K [0x00000000c0000000, 0x00000000c6700000, 0x00000000eab00000)
  object space 105472K, 36% used [0x00000000c0000000,0x00000000c25e4cd8,0x00000000c6700000)
 Metaspace       used 69361K, capacity 72686K, committed 73600K, reserved 1114112K
  class space    used 8919K, capacity 9378K, committed 9856K, reserved 1048576K
}
Event: 14845.894 GC heap before
{Heap before GC invocations=58 (full 16):
 PSYoungGen      total 319488K, used 166818K [0x00000000eab00000, 0x00000000ffc80000, 0x0000000100000000)
  eden space 317952K, 52% used [0x00000000eab00000,0x00000000f4de8ab0,0x00000000fe180000)
  from space 1536K, 0% used [0x00000000fe180000,0x00000000fe180000,0x00000000fe300000)
  to   space 13824K, 0% used [0x00000000fef00000,0x00000000fef00000,0x00000000ffc80000)
 ParOldGen       total 105472K, used 38803K [0x00000000c0000000, 0x00000000c6700000, 0x00000000eab00000)
  object space 105472K, 36% used [0x00000000c0000000,0x00000000c25e4cd8,0x00000000c6700000)
 Metaspace       used 69705K, capacity 73226K, committed 73856K, reserved 1114112K
  class space    used 8978K, capacity 9460K, committed 9856K, reserved 1048576K
Event: 14845.901 GC heap after
Heap after GC invocations=58 (full 16):
 PSYoungGen      total 330752K, used 2148K [0x00000000eab00000, 0x00000000ffb80000, 0x0000000100000000)
  eden space 317952K, 0% used [0x00000000eab00000,0x00000000eab00000,0x00000000fe180000)
  from space 12800K, 16% used [0x00000000fef00000,0x00000000ff1192f8,0x00000000ffb80000)
  to   space 13312K, 0% used [0x00000000fe180000,0x00000000fe180000,0x00000000fee80000)
 ParOldGen       total 105472K, used 38811K [0x00000000c0000000, 0x00000000c6700000, 0x00000000eab00000)
  object space 105472K, 36% used [0x00000000c0000000,0x00000000c25e6cd8,0x00000000c6700000)
 Metaspace       used 69705K, capacity 73226K, committed 73856K, reserved 1114112K
  class space    used 8978K, capacity 9460K, committed 9856K, reserved 1048576K
}
Event: 14845.901 GC heap before
{Heap before GC invocations=59 (full 17):
 PSYoungGen      total 330752K, used 2148K [0x00000000eab00000, 0x00000000ffb80000, 0x0000000100000000)
  eden space 317952K, 0% used [0x00000000eab00000,0x00000000eab00000,0x00000000fe180000)
  from space 12800K, 16% used [0x00000000fef00000,0x00000000ff1192f8,0x00000000ffb80000)
  to   space 13312K, 0% used [0x00000000fe180000,0x00000000fe180000,0x00000000fee80000)
 ParOldGen       total 105472K, used 38811K [0x00000000c0000000, 0x00000000c6700000, 0x00000000eab00000)
  object space 105472K, 36% used [0x00000000c0000000,0x00000000c25e6cd8,0x00000000c6700000)
 Metaspace       used 69705K, capacity 73226K, committed 73856K, reserved 1114112K
  class space    used 8978K, capacity 9460K, committed 9856K, reserved 1048576K
Event: 14846.085 GC heap after
Heap after GC invocations=59 (full 17):
 PSYoungGen      total 330752K, used 0K [0x00000000eab00000, 0x00000000ffb80000, 0x0000000100000000)
  eden space 317952K, 0% used [0x00000000eab00000,0x00000000eab00000,0x00000000fe180000)
  from space 12800K, 0% used [0x00000000fef00000,0x00000000fef00000,0x00000000ffb80000)
  to   space 13312K, 0% used [0x00000000fe180000,0x00000000fe180000,0x00000000fee80000)
 ParOldGen       total 105472K, used 39659K [0x00000000c0000000, 0x00000000c6700000, 0x00000000eab00000)
  object space 105472K, 37% used [0x00000000c0000000,0x00000000c26baec8,0x00000000c6700000)
 Metaspace       used 69705K, capacity 73226K, committed 73856K, reserved 1114112K
  class space    used 8978K, capacity 9460K, committed 9856K, reserved 1048576K
}
Event: 15032.295 GC heap before
{Heap before GC invocations=60 (full 17):
 PSYoungGen      total 330752K, used 168045K [0x00000000eab00000, 0x00000000ffb80000, 0x0000000100000000)
  eden space 317952K, 52% used [0x00000000eab00000,0x00000000f4f1b548,0x00000000fe180000)
  from space 12800K, 0% used [0x00000000fef00000,0x00000000fef00000,0x00000000ffb80000)
  to   space 13312K, 0% used [0x00000000fe180000,0x00000000fe180000,0x00000000fee80000)
 ParOldGen       total 105472K, used 39659K [0x00000000c0000000, 0x00000000c6700000, 0x00000000eab00000)
  object space 105472K, 37% used [0x00000000c0000000,0x00000000c26baec8,0x00000000c6700000)
 Metaspace       used 69839K, capacity 73394K, committed 73856K, reserved 1114112K
  class space    used 8993K, capacity 9481K, committed 9856K, reserved 1048576K
Event: 15032.306 GC heap after
Heap after GC invocations=60 (full 17):
 PSYoungGen      total 320000K, used 1839K [0x00000000eab00000, 0x00000000ffa80000, 0x0000000100000000)
  eden space 317952K, 0% used [0x00000000eab00000,0x00000000eab00000,0x00000000fe180000)
  from space 2048K, 89% used [0x00000000fe180000,0x00000000fe34bfc8,0x00000000fe380000)
  to   space 12800K, 0% used [0x00000000fee00000,0x00000000fee00000,0x00000000ffa80000)
 ParOldGen       total 105472K, used 39667K [0x00000000c0000000, 0x00000000c6700000, 0x00000000eab00000)
  object space 105472K, 37% used [0x00000000c0000000,0x00000000c26bcec8,0x00000000c6700000)
 Metaspace       used 69839K, capacity 73394K, committed 73856K, reserved 1114112K
  class space    used 8993K, capacity 9481K, committed 9856K, reserved 1048576K
}
Event: 15032.306 GC heap before
{Heap before GC invocations=61 (full 18):
 PSYoungGen      total 320000K, used 1839K [0x00000000eab00000, 0x00000000ffa80000, 0x0000000100000000)
  eden space 317952K, 0% used [0x00000000eab00000,0x00000000eab00000,0x00000000fe180000)
  from space 2048K, 89% used [0x00000000fe180000,0x00000000fe34bfc8,0x00000000fe380000)
  to   space 12800K, 0% used [0x00000000fee00000,0x00000000fee00000,0x00000000ffa80000)
 ParOldGen       total 105472K, used 39667K [0x00000000c0000000, 0x00000000c6700000, 0x00000000eab00000)
  object space 105472K, 37% used [0x00000000c0000000,0x00000000c26bcec8,0x00000000c6700000)
 Metaspace       used 69839K, capacity 73394K, committed 73856K, reserved 1114112K
  class space    used 8993K, capacity 9481K, committed 9856K, reserved 1048576K
Event: 15032.509 GC heap after
Heap after GC invocations=61 (full 18):
 PSYoungGen      total 320000K, used 0K [0x00000000eab00000, 0x00000000ffa80000, 0x0000000100000000)
  eden space 317952K, 0% used [0x00000000eab00000,0x00000000eab00000,0x00000000fe180000)
  from space 2048K, 0% used [0x00000000fe180000,0x00000000fe180000,0x00000000fe380000)
  to   space 12800K, 0% used [0x00000000fee00000,0x00000000fee00000,0x00000000ffa80000)
 ParOldGen       total 105472K, used 39646K [0x00000000c0000000, 0x00000000c6700000, 0x00000000eab00000)
  object space 105472K, 37% used [0x00000000c0000000,0x00000000c26b79d0,0x00000000c6700000)
 Metaspace       used 69839K, capacity 73394K, committed 73856K, reserved 1114112K
  class space    used 8993K, capacity 9481K, committed 9856K, reserved 1048576K
}

