# JRE version: Java(TM) SE Runtime Environment (8.0_102-b14) (build 1.8.0_102-b14)
# Java VM: Java HotSpot(TM) 64-Bit Server VM (25.102-b14 mixed mode windows-amd64 compressed oops)
Heap:
 PSYoungGen      total 176128K, used 4899K [0x00000000eab00000, 0x00000000f8e80000, 0x0000000100000000)
  eden space 157696K, 3% used [0x00000000eab00000,0x00000000eafc8f98,0x00000000f4500000)
  from space 18432K, 0% used [0x00000000f4500000,0x00000000f4500000,0x00000000f5700000)
  to   space 24064K, 0% used [0x00000000f7700000,0x00000000f7700000,0x00000000f8e80000)
 ParOldGen       total 104448K, used 44879K [0x00000000c0000000, 0x00000000c6600000, 0x00000000eab00000)
  object space 104448K, 42% used [0x00000000c0000000,0x00000000c2bd3db0,0x00000000c6600000)
 Metaspace       used 57725K, capacity 59202K, committed 59264K, reserved 1099776K
  class space    used 7719K, capacity 8035K, committed 8064K, reserved 1048576K
GC Heap History (10 events):
Event: 219.528 GC heap before
{Heap before GC invocations=14 (full 2):
 PSYoungGen      total 149504K, used 149499K [0x00000000eab00000, 0x00000000f4c80000, 0x0000000100000000)
  eden space 138240K, 100% used [0x00000000eab00000,0x00000000f3200000,0x00000000f3200000)
  from space 11264K, 99% used [0x00000000f3200000,0x00000000f3cfece0,0x00000000f3d00000)
  to   space 10752K, 0% used [0x00000000f3d00000,0x00000000f3d00000,0x00000000f4780000)
 ParOldGen       total 70144K, used 16906K [0x00000000c0000000, 0x00000000c4480000, 0x00000000eab00000)
  object space 70144K, 24% used [0x00000000c0000000,0x00000000c1082b20,0x00000000c4480000)
 Metaspace       used 50712K, capacity 52044K, committed 52224K, reserved 1093632K
  class space    used 6872K, capacity 7154K, committed 7168K, reserved 1048576K
Event: 219.567 GC heap after
Heap after GC invocations=14 (full 2):
 PSYoungGen      total 141824K, used 10737K [0x00000000eab00000, 0x00000000f7800000, 0x0000000100000000)
  eden space 131072K, 0% used [0x00000000eab00000,0x00000000eab00000,0x00000000f2b00000)
  from space 10752K, 99% used [0x00000000f3d00000,0x00000000f477c6c8,0x00000000f4780000)
  to   space 18432K, 0% used [0x00000000f2b00000,0x00000000f2b00000,0x00000000f3d00000)
 ParOldGen       total 70144K, used 29408K [0x00000000c0000000, 0x00000000c4480000, 0x00000000eab00000)
  object space 70144K, 41% used [0x00000000c0000000,0x00000000c1cb8338,0x00000000c4480000)
 Metaspace       used 50712K, capacity 52044K, committed 52224K, reserved 1093632K
  class space    used 6872K, capacity 7154K, committed 7168K, reserved 1048576K
}
Event: 238.933 GC heap before
{Heap before GC invocations=15 (full 2):
 PSYoungGen      total 141824K, used 141809K [0x00000000eab00000, 0x00000000f7800000, 0x0000000100000000)
  eden space 131072K, 100% used [0x00000000eab00000,0x00000000f2b00000,0x00000000f2b00000)
  from space 10752K, 99% used [0x00000000f3d00000,0x00000000f477c6c8,0x00000000f4780000)
  to   space 18432K, 0% used [0x00000000f2b00000,0x00000000f2b00000,0x00000000f3d00000)
 ParOldGen       total 70144K, used 29408K [0x00000000c0000000, 0x00000000c4480000, 0x00000000eab00000)
  object space 70144K, 41% used [0x00000000c0000000,0x00000000c1cb8338,0x00000000c4480000)
 Metaspace       used 51328K, capacity 52684K, committed 52864K, reserved 1095680K
  class space    used 6934K, capacity 7232K, committed 7296K, reserved 1048576K
Event: 238.965 GC heap after
Heap after GC invocations=15 (full 2):
 PSYoungGen      total 149504K, used 11609K [0x00000000eab00000, 0x00000000f6c00000, 0x0000000100000000)
  eden space 131072K, 0% used [0x00000000eab00000,0x00000000eab00000,0x00000000f2b00000)
  from space 18432K, 62% used [0x00000000f2b00000,0x00000000f3656660,0x00000000f3d00000)
  to   space 18432K, 0% used [0x00000000f5a00000,0x00000000f5a00000,0x00000000f6c00000)
 ParOldGen       total 70144K, used 32796K [0x00000000c0000000, 0x00000000c4480000, 0x00000000eab00000)
  object space 70144K, 46% used [0x00000000c0000000,0x00000000c2007338,0x00000000c4480000)
 Metaspace       used 51328K, capacity 52684K, committed 52864K, reserved 1095680K
  class space    used 6934K, capacity 7232K, committed 7296K, reserved 1048576K
}
Event: 245.875 GC heap before
{Heap before GC invocations=16 (full 2):
 PSYoungGen      total 149504K, used 142681K [0x00000000eab00000, 0x00000000f6c00000, 0x0000000100000000)
  eden space 131072K, 100% used [0x00000000eab00000,0x00000000f2b00000,0x00000000f2b00000)
  from space 18432K, 62% used [0x00000000f2b00000,0x00000000f3656660,0x00000000f3d00000)
  to   space 18432K, 0% used [0x00000000f5a00000,0x00000000f5a00000,0x00000000f6c00000)
 ParOldGen       total 70144K, used 32796K [0x00000000c0000000, 0x00000000c4480000, 0x00000000eab00000)
  object space 70144K, 46% used [0x00000000c0000000,0x00000000c2007338,0x00000000c4480000)
 Metaspace       used 51515K, capacity 52828K, committed 53120K, reserved 1095680K
  class space    used 6944K, capacity 7232K, committed 7296K, reserved 1048576K
Event: 245.889 GC heap after
Heap after GC invocations=16 (full 2):
 PSYoungGen      total 173056K, used 11754K [0x00000000eab00000, 0x00000000f6900000, 0x0000000100000000)
  eden space 157696K, 0% used [0x00000000eab00000,0x00000000eab00000,0x00000000f4500000)
  from space 15360K, 76% used [0x00000000f5a00000,0x00000000f657a908,0x00000000f6900000)
  to   space 18432K, 0% used [0x00000000f4500000,0x00000000f4500000,0x00000000f5700000)
 ParOldGen       total 70144K, used 32804K [0x00000000c0000000, 0x00000000c4480000, 0x00000000eab00000)
  object space 70144K, 46% used [0x00000000c0000000,0x00000000c2009338,0x00000000c4480000)
 Metaspace       used 51515K, capacity 52828K, committed 53120K, reserved 1095680K
  class space    used 6944K, capacity 7232K, committed 7296K, reserved 1048576K
}
Event: 309.789 GC heap before
{Heap before GC invocations=17 (full 2):
 PSYoungGen      total 173056K, used 134185K [0x00000000eab00000, 0x00000000f6900000, 0x0000000100000000)
  eden space 157696K, 77% used [0x00000000eab00000,0x00000000f228fb60,0x00000000f4500000)
  from space 15360K, 76% used [0x00000000f5a00000,0x00000000f657a908,0x00000000f6900000)
  to   space 18432K, 0% used [0x00000000f4500000,0x00000000f4500000,0x00000000f5700000)
 ParOldGen       total 70144K, used 32804K [0x00000000c0000000, 0x00000000c4480000, 0x00000000eab00000)
  object space 70144K, 46% used [0x00000000c0000000,0x00000000c2009338,0x00000000c4480000)
 Metaspace       used 57583K, capacity 59028K, committed 59096K, reserved 1099776K
  class space    used 7716K, capacity 8038K, committed 8064K, reserved 1048576K
Event: 309.828 GC heap after
Heap after GC invocations=17 (full 2):
 PSYoungGen      total 176128K, used 18418K [0x00000000eab00000, 0x00000000f8e80000, 0x0000000100000000)
  eden space 157696K, 0% used [0x00000000eab00000,0x00000000eab00000,0x00000000f4500000)
  from space 18432K, 99% used [0x00000000f4500000,0x00000000f56fc968,0x00000000f5700000)
  to   space 24064K, 0% used [0x00000000f7700000,0x00000000f7700000,0x00000000f8e80000)
 ParOldGen       total 70144K, used 40792K [0x00000000c0000000, 0x00000000c4480000, 0x00000000eab00000)
  object space 70144K, 58% used [0x00000000c0000000,0x00000000c27d6100,0x00000000c4480000)
 Metaspace       used 57583K, capacity 59028K, committed 59096K, reserved 1099776K
  class space    used 7716K, capacity 8038K, committed 8064K, reserved 1048576K
}
Event: 309.828 GC heap before
{Heap before GC invocations=18 (full 3):
 PSYoungGen      total 176128K, used 18418K [0x00000000eab00000, 0x00000000f8e80000, 0x0000000100000000)
  eden space 157696K, 0% used [0x00000000eab00000,0x00000000eab00000,0x00000000f4500000)
  from space 18432K, 99% used [0x00000000f4500000,0x00000000f56fc968,0x00000000f5700000)
  to   space 24064K, 0% used [0x00000000f7700000,0x00000000f7700000,0x00000000f8e80000)
 ParOldGen       total 70144K, used 40792K [0x00000000c0000000, 0x00000000c4480000, 0x00000000eab00000)
  object space 70144K, 58% used [0x00000000c0000000,0x00000000c27d6100,0x00000000c4480000)
 Metaspace       used 57583K, capacity 59028K, committed 59096K, reserved 1099776K
  class space    used 7716K, capacity 8038K, committed 8064K, reserved 1048576K
Event: 310.171 GC heap after
Heap after GC invocations=18 (full 3):
 PSYoungGen      total 176128K, used 0K [0x00000000eab00000, 0x00000000f8e80000, 0x0000000100000000)
  eden space 157696K, 0% used [0x00000000eab00000,0x00000000eab00000,0x00000000f4500000)
  from space 18432K, 0% used [0x00000000f4500000,0x00000000f4500000,0x00000000f5700000)
  to   space 24064K, 0% used [0x00000000f7700000,0x00000000f7700000,0x00000000f8e80000)
 ParOldGen       total 104448K, used 44879K [0x00000000c0000000, 0x00000000c6600000, 0x00000000eab00000)
  object space 104448K, 42% used [0x00000000c0000000,0x00000000c2bd3db0,0x00000000c6600000)
 Metaspace       used 57578K, capacity 59010K, committed 59096K, reserved 1099776K
  class space    used 7714K, capacity 8035K, committed 8064K, reserved 1048576K
}

